0 info it worked if it ends with ok
1 verbose cli [ '/usr/local/bin/node', '/usr/local/bin/npm', 'start' ]
2 info using npm@3.3.12
3 info using node@v5.3.0
4 verbose run-script [ 'prestart', 'start', 'poststart' ]
5 info lifecycle bullshit-meter@0.0.0~prestart: bullshit-meter@0.0.0
6 silly lifecycle bullshit-meter@0.0.0~prestart: no script for prestart, continuing
7 info lifecycle bullshit-meter@0.0.0~start: bullshit-meter@0.0.0
8 verbose lifecycle bullshit-meter@0.0.0~start: unsafe-perm in lifecycle true
9 verbose lifecycle bullshit-meter@0.0.0~start: PATH: /usr/local/lib/node_modules/npm/bin/node-gyp-bin:/home/octo-mba/dev/bullshitmeter-back/node_modules/.bin:/usr/local/heroku/bin:/home/octo-mba/.rvm/gems/ruby-1.9.3-p545/bin:/home/octo-mba/.rvm/gems/ruby-1.9.3-p545@global/bin:/home/octo-mba/.rvm/rubies/ruby-1.9.3-p545/bin:/usr/local/heroku/bin:/usr/lib64/qt-3.3/bin:/usr/local/bin:/usr/local/sbin:/usr/bin:/usr/sbin:/bin:/sbin:/home/octo-mba/.rvm/bin:/home/octo-mba/.local/bin:/home/octo-mba/bin:/home/octo-mba/.rvm/bin
10 verbose lifecycle bullshit-meter@0.0.0~start: CWD: /home/octo-mba/dev/bullshitmeter-back
11 silly lifecycle bullshit-meter@0.0.0~start: Args: [ '-c', 'babel-node app.js' ]
12 silly lifecycle bullshit-meter@0.0.0~start: Returned: code: 1  signal: null
13 info lifecycle bullshit-meter@0.0.0~start: Failed to exec start script
14 verbose stack Error: bullshit-meter@0.0.0 start: `babel-node app.js`
14 verbose stack Exit status 1
14 verbose stack     at EventEmitter.<anonymous> (/usr/local/lib/node_modules/npm/lib/utils/lifecycle.js:232:16)
14 verbose stack     at emitTwo (events.js:87:13)
14 verbose stack     at EventEmitter.emit (events.js:172:7)
14 verbose stack     at ChildProcess.<anonymous> (/usr/local/lib/node_modules/npm/lib/utils/spawn.js:24:14)
14 verbose stack     at emitTwo (events.js:87:13)
14 verbose stack     at ChildProcess.emit (events.js:172:7)
14 verbose stack     at maybeClose (internal/child_process.js:818:16)
14 verbose stack     at Process.ChildProcess._handle.onexit (internal/child_process.js:211:5)
15 verbose pkgid bullshit-meter@0.0.0
16 verbose cwd /home/octo-mba/dev/bullshitmeter-back
17 error Linux 4.6.5-300.fc24.x86_64
18 error argv "/usr/local/bin/node" "/usr/local/bin/npm" "start"
19 error node v5.3.0
20 error npm  v3.3.12
21 error code ELIFECYCLE
22 error bullshit-meter@0.0.0 start: `babel-node app.js`
22 error Exit status 1
23 error Failed at the bullshit-meter@0.0.0 start script 'babel-node app.js'.
23 error Make sure you have the latest version of node.js and npm installed.
23 error If you do, this is most likely a problem with the bullshit-meter package,
23 error not with npm itself.
23 error Tell the author that this fails on your system:
23 error     babel-node app.js
23 error You can get their info via:
23 error     npm owner ls bullshit-meter
23 error There is likely additional logging output above.
24 verbose exit [ 1, true ]
